<?xml version="1.0" encoding="UTF-8"?>
<!-- Generated by org.testng.reporters.JUnitReportReporter -->
<testsuite skipped="0" hostname="SYB-LP-TEST-008" name="example.NewTest" tests="1" failures="0" timestamp="23 Oct 2017 10:08:00 GMT" time="10.145" errors="0">
  <testcase name="testEasy" time="10.145" classname="example.NewTest"/>
</testsuite> <!-- example.NewTest -->
